<?xml version="1.0" encoding="UTF-8"?>
<!-- Generated by org.testng.reporters.JUnitReportReporter -->
<testsuite hostname="MacBook-Pro-Kseniya.local" failures="0" tests="1" name="testPages.AuthorizationPageTest" time="5.631" errors="0" timestamp="2020-07-10T00:04:38 MSK" skipped="0">
  <testcase classname="testPages.AuthorizationPageTest" name="authClient" time="5.631"/>
  <system-out/>
</testsuite> <!-- testPages.AuthorizationPageTest -->
