<?xml version="1.0" encoding="UTF-8"?>
<!-- Generated by org.testng.reporters.JUnitReportReporter -->
<testsuite hostname="MacBook-Pro-Kseniya.local" failures="0" tests="5" name="testPages.MenuPageTest" time="4.584" errors="0" timestamp="2020-07-10T00:04:38 MSK" skipped="0">
  <testcase classname="testPages.MenuPageTest" name="checkTabsProduct" time="1.072"/>
  <system-out/>
  <testcase classname="testPages.MenuPageTest" name="checkTabsPrice" time="0.835"/>
  <system-out/>
  <testcase classname="testPages.MenuPageTest" name="checkTabsFAQ" time="0.917"/>
  <system-out/>
  <testcase classname="testPages.MenuPageTest" name="checkTabsWantTest" time="0.882"/>
  <system-out/>
  <testcase classname="testPages.MenuPageTest" name="checkLoginButton" time="0.878"/>
  <system-out/>
</testsuite> <!-- testPages.MenuPageTest -->
