<?xml version="1.0" encoding="UTF-8"?>
<!-- Generated by org.testng.reporters.JUnitReportReporter -->
<testsuite hostname="MacBook-Pro-Kseniya.local" failures="0" tests="5" name="testPages.MenuPageTest" time="4.122" errors="0" timestamp="2020-07-10T08:18:46 MSK" skipped="0">
  <testcase classname="testPages.MenuPageTest" name="checkTabsProduct" time="0.924"/>
  <system-out/>
  <testcase classname="testPages.MenuPageTest" name="checkTabsPrice" time="0.768"/>
  <system-out/>
  <testcase classname="testPages.MenuPageTest" name="checkTabsFAQ" time="0.846"/>
  <system-out/>
  <testcase classname="testPages.MenuPageTest" name="checkTabsWantTest" time="0.794"/>
  <system-out/>
  <testcase classname="testPages.MenuPageTest" name="checkLoginButton" time="0.790"/>
  <system-out/>
</testsuite> <!-- testPages.MenuPageTest -->
