<?xml version="1.0" encoding="UTF-8"?>
<!-- Generated by org.testng.reporters.JUnitReportReporter -->
<testsuite hostname="MacBook-Pro-Kseniya.local" failures="0" tests="5" name="testPages.MenuPageTest" time="4.061" errors="0" timestamp="2020-07-10T08:35:25 MSK" skipped="0">
  <testcase classname="testPages.MenuPageTest" name="checkTabsProduct" time="1.087"/>
  <system-out/>
  <testcase classname="testPages.MenuPageTest" name="checkTabsPrice" time="0.721"/>
  <system-out/>
  <testcase classname="testPages.MenuPageTest" name="checkTabsFAQ" time="0.757"/>
  <system-out/>
  <testcase classname="testPages.MenuPageTest" name="checkTabsWantTest" time="0.700"/>
  <system-out/>
  <testcase classname="testPages.MenuPageTest" name="checkLoginButton" time="0.796"/>
  <system-out/>
</testsuite> <!-- testPages.MenuPageTest -->
